

Microchip Technology PIC18 LITE Macro Assembler V1.41 build -162212810 
                                                                                               Tue Nov 24 10:36:18 2020

Microchip Technology Omniscient Code Generator v1.41 (Free mode) build 201701250102
     1                           	processor	18F4550
     2                           	fnconf	rparam,??,?,0
     3                           	opt	pw 120
     4                           	opt	lm
     5                           	psect	cinit,global,reloc=2,class=CODE,delta=1
     6                           	psect	bssCOMRAM,global,class=COMRAM,space=1,delta=1,noexec
     7                           	psect	cstackCOMRAM,global,class=COMRAM,space=1,delta=1,noexec
     8                           	psect	text0,global,reloc=2,class=CODE,delta=1
     9                           	psect	intsave_regs,global,class=BIGRAM,space=1,delta=1,noexec
    10                           	psect	rparam,global,class=COMRAM,space=1,delta=1,noexec
    11  0000                     
    12                           ; Version 1.41
    13                           ; Generated 25/01/2017 GMT
    14                           ; 
    15                           ; Copyright © 2017, Microchip Technology Inc. and its subsidiaries ("Microchip")
    16                           ; All rights reserved.
    17                           ; 
    18                           ; This software is developed by Microchip Technology Inc. and its subsidiaries ("Microch
      +                          ip").
    19                           ; 
    20                           ; Redistribution and use in source and binary forms, with or without modification, are
    21                           ; permitted provided that the following conditions are met:
    22                           ; 
    23                           ;     1. Redistributions of source code must retain the above copyright notice, this lis
      +                          t of
    24                           ;        conditions and the following disclaimer.
    25                           ; 
    26                           ;     2. Redistributions in binary form must reproduce the above copyright notice, this 
      +                          list
    27                           ;        of conditions and the following disclaimer in the documentation and/or other
    28                           ;        materials provided with the distribution.
    29                           ; 
    30                           ;     3. Microchip's name may not be used to endorse or promote products derived from th
      +                          is
    31                           ;        software without specific prior written permission.
    32                           ; 
    33                           ; THIS SOFTWARE IS PROVIDED BY MICROCHIP "AS IS" AND ANY EXPRESS OR IMPLIED WARRANTIES,
    34                           ; INCLUDING, BUT NOT LIMITED TO, THE IMPLIED WARRANTIES OF MERCHANTABILITY AND FITNESS F
      +                          OR
    35                           ; PURPOSE ARE DISCLAIMED.  IN NO EVENT SHALL MICROCHIP BE LIABLE FOR ANY DIRECT, INDIREC
      +                          T,
    36                           ; INCIDENTAL, SPECIAL, EXEMPLARY, OR CONSEQUENTIAL DAMAGES (INCLUDING BUT NOT LIMITED TO
    37                           ; PROCUREMENT OF SUBSTITUTE GOODS OR SERVICES; LOSS OF USE, DATA OR PROFITS; OR BUSINESS
    38                           ; INTERRUPTION) HOWSOEVER CAUSED AND ON ANY THEORY OF LIABILITY, WHETHER IN CONTRACT, ST
      +                          RICT
    39                           ; LIABILITY, OR TORT (INCLUDING NEGLIGENCE OR OTHERWISE) ARISING IN ANY WAY OUT OF THE U
      +                          SE OF
    40                           ; THIS SOFTWARE, EVEN IF ADVISED OF THE POSSIBILITY OF SUCH DAMAGE.
    41                           ; 
    42                           ; 
    43                           ; Code-generator required, PIC18F4550 Definitions
    44                           ; 
    45                           ; SFR Addresses
    46  0000                     _TRISAbits	set	3986
    47  0000                     _LATD	set	3980
    48  0000                     _TRISD	set	3989
    49  0000                     _TMR0L	set	4054
    50  0000                     _T0CONbits	set	4053
    51  0000                     _INTCONbits	set	4082
    52                           
    53                           ; #config settings
    54  0000                     
    55                           	psect	cinit
    56  007FC4                     __pcinit:
    57                           	opt stack 0
    58  007FC4                     start_initialization:
    59                           	opt stack 0
    60  007FC4                     __initialization:
    61                           	opt stack 0
    62                           
    63                           ; Clear objects allocated to COMRAM (1 bytes)
    64  007FC4  6A01               	clrf	__pbssCOMRAM& (0+255),c
    65  007FC6                     end_of_initialization:
    66                           	opt stack 0
    67  007FC6                     __end_of__initialization:
    68                           	opt stack 0
    69  007FC6  0100               	movlb	0
    70  007FC8  EFE6  F03F         	goto	_main	;jump to C main() function
    71                           
    72                           	psect	bssCOMRAM
    73  000001                     __pbssCOMRAM:
    74                           	opt stack 0
    75  000001                     _count:
    76                           	opt stack 0
    77  000001                     	ds	1
    78                           
    79                           	psect	cstackCOMRAM
    80  000000                     __pcstackCOMRAM:
    81                           	opt stack 0
    82  000000                     
    83                           ; 2 bytes @ 0x0
    84 ;;
    85 ;;Main: autosize = 0, tempsize = 0, incstack = 0, save=0
    86 ;;
    87 ;; *************** function _main *****************
    88 ;; Defined at:
    89 ;;		line 27 in file "contador.c"
    90 ;; Parameters:    Size  Location     Type
    91 ;;		None
    92 ;; Auto vars:     Size  Location     Type
    93 ;;		None
    94 ;; Return value:  Size  Location     Type
    95 ;;                  2   16[None  ] int 
    96 ;; Registers used:
    97 ;;		wreg, status,2, status,0
    98 ;; Tracked objects:
    99 ;;		On entry : 0/0
   100 ;;		On exit  : 0/0
   101 ;;		Unchanged: 0/0
   102 ;; Data sizes:     COMRAM   BANK0   BANK1   BANK2   BANK3   BANK4   BANK5   BANK6   BANK7
   103 ;;      Params:         0       0       0       0       0       0       0       0       0
   104 ;;      Locals:         0       0       0       0       0       0       0       0       0
   105 ;;      Temps:          0       0       0       0       0       0       0       0       0
   106 ;;      Totals:         0       0       0       0       0       0       0       0       0
   107 ;;Total ram usage:        0 bytes
   108 ;; This function calls:
   109 ;;		Nothing
   110 ;; This function is called by:
   111 ;;		Startup code after reset
   112 ;; This function uses a non-reentrant model
   113 ;;
   114                           
   115                           	psect	text0
   116  007FCC                     __ptext0:
   117                           	opt stack 0
   118  007FCC                     _main:
   119                           	opt stack 31
   120                           
   121                           ;contador.c: 28: INTCONbits.GIE = 0;
   122                           
   123                           ;incstack = 0
   124  007FCC  9EF2               	bcf	intcon,7,c	;volatile
   125                           
   126                           ;contador.c: 29: T0CONbits.T0CS = 1;
   127  007FCE  8AD5               	bsf	4053,5,c	;volatile
   128                           
   129                           ;contador.c: 30: T0CONbits.T0SE = 1;
   130  007FD0  88D5               	bsf	4053,4,c	;volatile
   131                           
   132                           ;contador.c: 31: T0CONbits.T08BIT = 1;
   133  007FD2  8CD5               	bsf	4053,6,c	;volatile
   134                           
   135                           ;contador.c: 32: T0CONbits.TMR0ON = 1;
   136  007FD4  8ED5               	bsf	4053,7,c	;volatile
   137                           
   138                           ;contador.c: 33: TMR0L = 0;
   139  007FD6  0E00               	movlw	0
   140  007FD8  6ED6               	movwf	4054,c	;volatile
   141                           
   142                           ;contador.c: 34: TRISD = 0x00;
   143  007FDA  0E00               	movlw	0
   144  007FDC  6E95               	movwf	3989,c	;volatile
   145                           
   146                           ;contador.c: 35: LATD = 0x00;
   147  007FDE  0E00               	movlw	0
   148  007FE0  6E8C               	movwf	3980,c	;volatile
   149                           
   150                           ;contador.c: 36: TRISAbits.RA4 = 1;
   151  007FE2  8892               	bsf	3986,4,c	;volatile
   152  007FE4                     l641:
   153                           
   154                           ;contador.c: 38: if (TMR0L == 10) {
   155  007FE4  0E0A               	movlw	10
   156  007FE6  18D6               	xorwf	4054,w,c	;volatile
   157  007FE8  A4D8               	btfss	status,2,c
   158  007FEA  D004               	goto	l645
   159                           
   160                           ;contador.c: 39: TMR0L = 0;
   161  007FEC  0E00               	movlw	0
   162  007FEE  6ED6               	movwf	4054,c	;volatile
   163                           
   164                           ;contador.c: 40: count = 0;
   165  007FF0  0E00               	movlw	0
   166  007FF2  6E01               	movwf	_count,c
   167  007FF4                     l645:
   168                           
   169                           ;contador.c: 41: }
   170                           ;contador.c: 42: count = TMR0L;
   171  007FF4  CFD6 F001          	movff	4054,_count	;volatile
   172                           
   173                           ;contador.c: 43: LATD = (1 << 4) | count;
   174  007FF8  5001               	movf	_count,w,c
   175  007FFA  0910               	iorlw	16
   176  007FFC  6E8C               	movwf	3980,c	;volatile
   177  007FFE  D7F2               	goto	l641
   178  008000                     __end_of_main:
   179                           	opt stack 0
   180  0000                     intcon	equ	0xFF2
   181                           status	equ	0xFD8
   182                           intcon	equ	0xFF2
   183                           status	equ	0xFD8
   184                           
   185                           	psect	rparam
   186  0000                     intcon	equ	0xFF2
   187                           status	equ	0xFD8


Data Sizes:
    Strings     0
    Constant    0
    Data        0
    BSS         1
    Persistent  0
    Stack       0

Auto Spaces:
    Space          Size  Autos    Used
    COMRAM           95      0       1
    BANK0           160      0       0
    BANK1           256      0       0
    BANK2           256      0       0
    BANK3           256      0       0
    BANK4           256      0       0
    BANK5           256      0       0
    BANK6           256      0       0
    BANK7           256      0       0

Pointer List with Targets:

    None.

Critical Paths under _main in COMRAM

    None.

Critical Paths under _main in BANK0

    None.

Critical Paths under _main in BANK1

    None.

Critical Paths under _main in BANK2

    None.

Critical Paths under _main in BANK3

    None.

Critical Paths under _main in BANK4

    None.

Critical Paths under _main in BANK5

    None.

Critical Paths under _main in BANK6

    None.

Critical Paths under _main in BANK7

    None.

Call Graph Tables:

 ---------------------------------------------------------------------------------
 (Depth) Function   	        Calls       Base Space   Used Autos Params    Refs
 ---------------------------------------------------------------------------------
 (0) _main                                                 0     0      0       0
 ---------------------------------------------------------------------------------
 Estimated maximum stack depth 0
 ---------------------------------------------------------------------------------

 Call Graph Graphs:

 _main (ROOT)

 Address spaces:
Name               Size   Autos  Total    Cost      Usage
BIGRAM             7FF      0       0      21        0.0%
EEDATA             100      0       0       0        0.0%
BITBANK7           100      0       0      18        0.0%
BANK7              100      0       0      19        0.0%
BITBANK6           100      0       0      16        0.0%
BANK6              100      0       0      17        0.0%
BITBANK5           100      0       0      14        0.0%
BANK5              100      0       0      15        0.0%
BITBANK4           100      0       0      12        0.0%
BANK4              100      0       0      13        0.0%
BITBANK3           100      0       0      10        0.0%
BANK3              100      0       0      11        0.0%
BITBANK2           100      0       0       8        0.0%
BANK2              100      0       0       9        0.0%
BITBANK1           100      0       0       6        0.0%
BANK1              100      0       0       7        0.0%
BITBANK0            A0      0       0       4        0.0%
BANK0               A0      0       0       5        0.0%
BITCOMRAM           5F      0       0       0        0.0%
COMRAM              5F      0       1       1        1.1%
BITSFR               0      0       0     200        0.0%
SFR                  0      0       0     200        0.0%
STACK                0      0       0       2        0.0%
NULL                 0      0       0       0        0.0%
ABS                  0      0       1      20        0.0%
DATA                 0      0       1       3        0.0%
CODE                 0      0       0       0        0.0%


Microchip Technology PIC18 Macro Assembler V1.41 build -162212810 
Symbol Table                                                                                   Tue Nov 24 10:36:18 2020

            __CFG_BORV$3 000000             __CFG_CP0$OFF 000000             __CFG_CP1$OFF 000000  
           __CFG_CP2$OFF 000000             __CFG_CP3$OFF 000000                      l641 7FE4  
                    l645 7FF4             __CFG_CPB$OFF 000000             __CFG_CPD$OFF 000000  
           __CFG_BOR$OFF 000000             __CFG_FOSC$HS 000000             __CFG_LVP$OFF 000000  
           __CFG_WDT$OFF 000000                     _LATD 000F8C             __CFG_PWRT$ON 000000  
                   _main 7FCC                     start 0000            __CFG_IESO$OFF 000000  
           ___param_bank 000000            __CFG_PLLDIV$1 000000           __CFG_CCP2MX$ON 000000  
                  ?_main 0000                    _TMR0L 000FD6            __CFG_USBDIV$1 000000  
                  _TRISD 000F95            __CFG_WRT0$OFF 000000            __CFG_WRT1$OFF 000000  
          __CFG_WRT2$OFF 000000            __CFG_WRT3$OFF 000000           __CFG_EBTR0$OFF 000000  
         __CFG_FCMEN$OFF 000000           __CFG_EBTR1$OFF 000000           __CFG_EBTR2$OFF 000000  
         __CFG_EBTR3$OFF 000000            __CFG_WRTB$OFF 000000            __CFG_WRTC$OFF 000000  
          __CFG_WRTD$OFF 000000           __CFG_EBTRB$OFF 000000                    _count 0001  
                  status 000FD8           __CFG_ICPRT$OFF 000000           __CFG_MCLRE$OFF 000000  
        __initialization 7FC4             __end_of_main 8000                   ??_main 0000  
          __activetblptr 000000           __CFG_XINST$OFF 000000           __CFG_STVREN$ON 000000  
             __accesstop 0060  __end_of__initialization 7FC6          __CFG_PBADEN$OFF 000000  
          ___rparam_used 000001           __pcstackCOMRAM 0000          __CFG_VREGEN$OFF 000000  
                __Hparam 0000                  __Lparam 0000                  __pcinit 7FC4  
                __ramtop 0800                  __ptext0 7FCC                _T0CONbits 000FD5  
   end_of_initialization 7FC6                _TRISAbits 000F92      start_initialization 7FC4  
       __CFG_LPT1OSC$OFF 000000              __pbssCOMRAM 0001         __CFG_WDTPS$32768 000000  
               __Hrparam 0000                 __Lrparam 0000            __size_of_main 0034  
  __CFG_CPUDIV$OSC1_PLL2 000000               _INTCONbits 000FF2  
