

Microchip Technology PIC18 LITE Macro Assembler V1.41 build -162212810 
                                                                                               Fri Nov 20 12:43:57 2020

Microchip Technology Omniscient Code Generator v1.41 (Free mode) build 201701250102
     1                           	processor	18F4550
     2                           	fnconf	rparam,??,?,0
     3                           	opt	pw 120
     4                           	opt	lm
     5                           	psect	cinit,global,reloc=2,class=CODE,delta=1
     6                           	psect	cstackCOMRAM,global,class=COMRAM,space=1,delta=1,noexec
     7                           	psect	text0,global,reloc=2,class=CODE,delta=1
     8                           	psect	text1,global,reloc=2,class=CODE,delta=1
     9                           	psect	text2,global,reloc=2,class=CODE,delta=1
    10                           	psect	intsave_regs,global,class=BIGRAM,space=1,delta=1,noexec
    11                           	psect	rparam,global,class=COMRAM,space=1,delta=1,noexec
    12  0000                     
    13                           ; Version 1.41
    14                           ; Generated 25/01/2017 GMT
    15                           ; 
    16                           ; Copyright © 2017, Microchip Technology Inc. and its subsidiaries ("Microchip")
    17                           ; All rights reserved.
    18                           ; 
    19                           ; This software is developed by Microchip Technology Inc. and its subsidiaries ("Microch
      +                          ip").
    20                           ; 
    21                           ; Redistribution and use in source and binary forms, with or without modification, are
    22                           ; permitted provided that the following conditions are met:
    23                           ; 
    24                           ;     1. Redistributions of source code must retain the above copyright notice, this lis
      +                          t of
    25                           ;        conditions and the following disclaimer.
    26                           ; 
    27                           ;     2. Redistributions in binary form must reproduce the above copyright notice, this 
      +                          list
    28                           ;        of conditions and the following disclaimer in the documentation and/or other
    29                           ;        materials provided with the distribution.
    30                           ; 
    31                           ;     3. Microchip's name may not be used to endorse or promote products derived from th
      +                          is
    32                           ;        software without specific prior written permission.
    33                           ; 
    34                           ; THIS SOFTWARE IS PROVIDED BY MICROCHIP "AS IS" AND ANY EXPRESS OR IMPLIED WARRANTIES,
    35                           ; INCLUDING, BUT NOT LIMITED TO, THE IMPLIED WARRANTIES OF MERCHANTABILITY AND FITNESS F
      +                          OR
    36                           ; PURPOSE ARE DISCLAIMED.  IN NO EVENT SHALL MICROCHIP BE LIABLE FOR ANY DIRECT, INDIREC
      +                          T,
    37                           ; INCIDENTAL, SPECIAL, EXEMPLARY, OR CONSEQUENTIAL DAMAGES (INCLUDING BUT NOT LIMITED TO
    38                           ; PROCUREMENT OF SUBSTITUTE GOODS OR SERVICES; LOSS OF USE, DATA OR PROFITS; OR BUSINESS
    39                           ; INTERRUPTION) HOWSOEVER CAUSED AND ON ANY THEORY OF LIABILITY, WHETHER IN CONTRACT, ST
      +                          RICT
    40                           ; LIABILITY, OR TORT (INCLUDING NEGLIGENCE OR OTHERWISE) ARISING IN ANY WAY OUT OF THE U
      +                          SE OF
    41                           ; THIS SOFTWARE, EVEN IF ADVISED OF THE POSSIBILITY OF SUCH DAMAGE.
    42                           ; 
    43                           ; 
    44                           ; Code-generator required, PIC18F4550 Definitions
    45                           ; 
    46                           ; SFR Addresses
    47  0000                     _ADRESH	set	4036
    48  0000                     _ADCON2bits	set	4032
    49  0000                     _ADCON0bits	set	4034
    50  0000                     _ADCON1bits	set	4033
    51  0000                     _LATD	set	3980
    52  0000                     _OSCCONbits	set	4051
    53  0000                     _TRISA	set	3986
    54  0000                     _TRISD	set	3989
    55                           
    56                           ; #config settings
    57  0000                     
    58                           	psect	cinit
    59  007FA6                     __pcinit:
    60                           	opt stack 0
    61  007FA6                     start_initialization:
    62                           	opt stack 0
    63  007FA6                     __initialization:
    64                           	opt stack 0
    65  007FA6                     end_of_initialization:
    66                           	opt stack 0
    67  007FA6                     __end_of__initialization:
    68                           	opt stack 0
    69  007FA6  0100               	movlb	0
    70  007FA8  EFDB  F03F         	goto	_main	;jump to C main() function
    71                           
    72                           	psect	cstackCOMRAM
    73  000000                     __pcstackCOMRAM:
    74                           	opt stack 0
    75  000000                     
    76                           ; 1 bytes @ 0x0
    77 ;;
    78 ;;Main: autosize = 0, tempsize = 0, incstack = 0, save=0
    79 ;;
    80 ;; *************** function _main *****************
    81 ;; Defined at:
    82 ;;		line 6 in file "adc_pot.c"
    83 ;; Parameters:    Size  Location     Type
    84 ;;		None
    85 ;; Auto vars:     Size  Location     Type
    86 ;;		None
    87 ;; Return value:  Size  Location     Type
    88 ;;                  1    wreg      void 
    89 ;; Registers used:
    90 ;;		wreg, status,2, cstack
    91 ;; Tracked objects:
    92 ;;		On entry : 0/0
    93 ;;		On exit  : 0/0
    94 ;;		Unchanged: 0/0
    95 ;; Data sizes:     COMRAM   BANK0   BANK1   BANK2   BANK3   BANK4   BANK5   BANK6   BANK7
    96 ;;      Params:         0       0       0       0       0       0       0       0       0
    97 ;;      Locals:         0       0       0       0       0       0       0       0       0
    98 ;;      Temps:          0       0       0       0       0       0       0       0       0
    99 ;;      Totals:         0       0       0       0       0       0       0       0       0
   100 ;;Total ram usage:        0 bytes
   101 ;; Hardware stack levels required when called:    1
   102 ;; This function calls:
   103 ;;		_adc_init
   104 ;;		_adc_read
   105 ;; This function is called by:
   106 ;;		Startup code after reset
   107 ;; This function uses a non-reentrant model
   108 ;;
   109                           
   110                           	psect	text0
   111  007FB6                     __ptext0:
   112                           	opt stack 0
   113  007FB6                     _main:
   114                           	opt stack 30
   115                           
   116                           ;adc_pot.c: 7: TRISD = 0x00;
   117                           
   118                           ;incstack = 0
   119  007FB6  0E00               	movlw	0
   120  007FB8  6E95               	movwf	3989,c	;volatile
   121                           
   122                           ;adc_pot.c: 8: TRISA = 0xFF;
   123  007FBA  6892               	setf	3986,c	;volatile
   124                           
   125                           ;adc_pot.c: 9: OSCCONbits.IRCF = 0b111;
   126  007FBC  88D3               	bsf	4051,4,c	;volatile
   127  007FBE  8AD3               	bsf	4051,5,c	;volatile
   128  007FC0  8CD3               	bsf	4051,6,c	;volatile
   129                           
   130                           ;adc_pot.c: 10: OSCCONbits.SCS = 0b10;
   131  007FC2  50D3               	movf	4051,w,c	;volatile
   132  007FC4  0BFC               	andlw	-4
   133  007FC6  0902               	iorlw	2
   134  007FC8  6ED3               	movwf	4051,c	;volatile
   135                           
   136                           ;adc_pot.c: 12: adc_init();
   137  007FCA  ECEB  F03F         	call	_adc_init	;wreg free
   138  007FCE                     l655:
   139                           
   140                           ;adc_pot.c: 27: LATD = adc_read();
   141  007FCE  ECD6  F03F         	call	_adc_read	;wreg free
   142  007FD2  6E8C               	movwf	3980,c	;volatile
   143  007FD4  D7FC               	goto	l655
   144  007FD6                     __end_of_main:
   145                           	opt stack 0
   146                           
   147 ;; *************** function _adc_read *****************
   148 ;; Defined at:
   149 ;;		line 19 in file "adc_lib.c"
   150 ;; Parameters:    Size  Location     Type
   151 ;;		None
   152 ;; Auto vars:     Size  Location     Type
   153 ;;		None
   154 ;; Return value:  Size  Location     Type
   155 ;;                  1    wreg      unsigned char 
   156 ;; Registers used:
   157 ;;		wreg, status,2
   158 ;; Tracked objects:
   159 ;;		On entry : 0/0
   160 ;;		On exit  : 0/0
   161 ;;		Unchanged: 0/0
   162 ;; Data sizes:     COMRAM   BANK0   BANK1   BANK2   BANK3   BANK4   BANK5   BANK6   BANK7
   163 ;;      Params:         0       0       0       0       0       0       0       0       0
   164 ;;      Locals:         0       0       0       0       0       0       0       0       0
   165 ;;      Temps:          0       0       0       0       0       0       0       0       0
   166 ;;      Totals:         0       0       0       0       0       0       0       0       0
   167 ;;Total ram usage:        0 bytes
   168 ;; Hardware stack levels used:    1
   169 ;; This function calls:
   170 ;;		Nothing
   171 ;; This function is called by:
   172 ;;		_main
   173 ;; This function uses a non-reentrant model
   174 ;;
   175                           
   176                           	psect	text1
   177  007FAC                     __ptext1:
   178                           	opt stack 0
   179  007FAC                     _adc_read:
   180                           	opt stack 30
   181                           
   182                           ;adc_lib.c: 20: ADCON0bits.GO_DONE = 1;
   183                           
   184                           ;incstack = 0
   185  007FAC  82C2               	bsf	4034,1,c	;volatile
   186  007FAE                     l32:
   187  007FAE  B2C2               	btfsc	4034,1,c	;volatile
   188  007FB0  D7FE               	goto	l32
   189                           
   190                           ;adc_lib.c: 22: return ADRESH;
   191  007FB2  50C4               	movf	4036,w,c	;volatile
   192  007FB4  0012               	return	
   193  007FB6                     __end_of_adc_read:
   194                           	opt stack 0
   195                           
   196 ;; *************** function _adc_init *****************
   197 ;; Defined at:
   198 ;;		line 7 in file "adc_lib.c"
   199 ;; Parameters:    Size  Location     Type
   200 ;;		None
   201 ;; Auto vars:     Size  Location     Type
   202 ;;		None
   203 ;; Return value:  Size  Location     Type
   204 ;;                  1    wreg      void 
   205 ;; Registers used:
   206 ;;		wreg, status,2
   207 ;; Tracked objects:
   208 ;;		On entry : 0/0
   209 ;;		On exit  : 0/0
   210 ;;		Unchanged: 0/0
   211 ;; Data sizes:     COMRAM   BANK0   BANK1   BANK2   BANK3   BANK4   BANK5   BANK6   BANK7
   212 ;;      Params:         0       0       0       0       0       0       0       0       0
   213 ;;      Locals:         0       0       0       0       0       0       0       0       0
   214 ;;      Temps:          0       0       0       0       0       0       0       0       0
   215 ;;      Totals:         0       0       0       0       0       0       0       0       0
   216 ;;Total ram usage:        0 bytes
   217 ;; Hardware stack levels used:    1
   218 ;; This function calls:
   219 ;;		Nothing
   220 ;; This function is called by:
   221 ;;		_main
   222 ;; This function uses a non-reentrant model
   223 ;;
   224                           
   225                           	psect	text2
   226  007FD6                     __ptext2:
   227                           	opt stack 0
   228  007FD6                     _adc_init:
   229                           	opt stack 30
   230                           
   231                           ;adc_lib.c: 8: ADCON1bits.PCFG = 0b1110;
   232                           
   233                           ;incstack = 0
   234  007FD6  50C1               	movf	4033,w,c	;volatile
   235  007FD8  0BF0               	andlw	-16
   236  007FDA  090E               	iorlw	14
   237  007FDC  6EC1               	movwf	4033,c	;volatile
   238                           
   239                           ;adc_lib.c: 9: ADCON1bits.VCFG = 0b00;
   240  007FDE  0ECF               	movlw	-49
   241  007FE0  16C1               	andwf	4033,f,c	;volatile
   242                           
   243                           ;adc_lib.c: 10: ADCON0bits.CHS = 0b0000;
   244  007FE2  94C2               	bcf	4034,2,c	;volatile
   245  007FE4  96C2               	bcf	4034,3,c	;volatile
   246  007FE6  98C2               	bcf	4034,4,c	;volatile
   247  007FE8  9AC2               	bcf	4034,5,c	;volatile
   248                           
   249                           ;adc_lib.c: 11: ADCON2bits.ACQT = 0b010;
   250  007FEA  50C0               	movf	4032,w,c	;volatile
   251  007FEC  0BC7               	andlw	-57
   252  007FEE  0910               	iorlw	16
   253  007FF0  6EC0               	movwf	4032,c	;volatile
   254                           
   255                           ;adc_lib.c: 12: ADCON2bits.ADCS = 0b001;
   256  007FF2  50C0               	movf	4032,w,c	;volatile
   257  007FF4  0BF8               	andlw	-8
   258  007FF6  0901               	iorlw	1
   259  007FF8  6EC0               	movwf	4032,c	;volatile
   260                           
   261                           ;adc_lib.c: 13: ADCON2bits.ADFM = 0;
   262  007FFA  9EC0               	bcf	4032,7,c	;volatile
   263                           
   264                           ;adc_lib.c: 14: ADCON0bits.ADON = 1;
   265  007FFC  80C2               	bsf	4034,0,c	;volatile
   266  007FFE  0012               	return		;funcret
   267  008000                     __end_of_adc_init:
   268                           	opt stack 0
   269  0000                     
   270                           	psect	rparam


Data Sizes:
    Strings     0
    Constant    0
    Data        0
    BSS         0
    Persistent  0
    Stack       0

Auto Spaces:
    Space          Size  Autos    Used
    COMRAM           95      0       0
    BANK0           160      0       0
    BANK1           256      0       0
    BANK2           256      0       0
    BANK3           256      0       0
    BANK4           256      0       0
    BANK5           256      0       0
    BANK6           256      0       0
    BANK7           256      0       0

Pointer List with Targets:

    None.

Critical Paths under _main in COMRAM

    None.

Critical Paths under _main in BANK0

    None.

Critical Paths under _main in BANK1

    None.

Critical Paths under _main in BANK2

    None.

Critical Paths under _main in BANK3

    None.

Critical Paths under _main in BANK4

    None.

Critical Paths under _main in BANK5

    None.

Critical Paths under _main in BANK6

    None.

Critical Paths under _main in BANK7

    None.

Call Graph Tables:

 ---------------------------------------------------------------------------------
 (Depth) Function   	        Calls       Base Space   Used Autos Params    Refs
 ---------------------------------------------------------------------------------
 (0) _main                                                 0     0      0       0
                           _adc_init
                           _adc_read
 ---------------------------------------------------------------------------------
 (1) _adc_read                                             0     0      0       0
 ---------------------------------------------------------------------------------
 (1) _adc_init                                             0     0      0       0
 ---------------------------------------------------------------------------------
 Estimated maximum stack depth 1
 ---------------------------------------------------------------------------------

 Call Graph Graphs:

 _main (ROOT)
   _adc_init
   _adc_read

 Address spaces:
Name               Size   Autos  Total    Cost      Usage
BITCOMRAM           5F      0       0       0        0.0%
EEDATA             100      0       0       0        0.0%
NULL                 0      0       0       0        0.0%
CODE                 0      0       0       0        0.0%
COMRAM              5F      0       0       1        0.0%
STACK                0      0       0       2        0.0%
DATA                 0      0       0       3        0.0%
BITBANK0            A0      0       0       4        0.0%
BANK0               A0      0       0       5        0.0%
BITBANK1           100      0       0       6        0.0%
BANK1              100      0       0       7        0.0%
BITBANK2           100      0       0       8        0.0%
BANK2              100      0       0       9        0.0%
BITBANK3           100      0       0      10        0.0%
BANK3              100      0       0      11        0.0%
BITBANK4           100      0       0      12        0.0%
BANK4              100      0       0      13        0.0%
BITBANK5           100      0       0      14        0.0%
BANK5              100      0       0      15        0.0%
BITBANK6           100      0       0      16        0.0%
BANK6              100      0       0      17        0.0%
BITBANK7           100      0       0      18        0.0%
BANK7              100      0       0      19        0.0%
ABS                  0      0       0      20        0.0%
BIGRAM             7FF      0       0      21        0.0%
BITSFR               0      0       0     200        0.0%
SFR                  0      0       0     200        0.0%


Microchip Technology PIC18 Macro Assembler V1.41 build -162212810 
Symbol Table                                                                                   Fri Nov 20 12:43:57 2020

                     l32 7FAE              __CFG_BORV$3 000000             __CFG_CP0$OFF 000000  
           __CFG_CP1$OFF 000000             __CFG_CP2$OFF 000000             __CFG_CP3$OFF 000000  
                    l655 7FCE             __CFG_CPB$OFF 000000             __CFG_CPD$OFF 000000  
           __CFG_BOR$OFF 000000             __CFG_IESO$ON 000000             __CFG_LVP$OFF 000000  
           __CFG_WDT$OFF 000000                     _LATD 000F8C             __CFG_PWRT$ON 000000  
                   _main 7FB6                     start 0000             ___param_bank 000000  
          __CFG_PLLDIV$1 000000           __CFG_CCP2MX$ON 000000                    ?_main 0000  
          __CFG_USBDIV$1 000000                    _TRISA 000F92                    _TRISD 000F95  
          __CFG_WRT0$OFF 000000            __CFG_WRT1$OFF 000000            __CFG_WRT2$OFF 000000  
          __CFG_WRT3$OFF 000000           __CFG_EBTR0$OFF 000000           __CFG_FCMEN$OFF 000000  
         __CFG_EBTR1$OFF 000000           __CFG_EBTR2$OFF 000000           __CFG_EBTR3$OFF 000000  
          __CFG_WRTB$OFF 000000            __CFG_WRTC$OFF 000000            __CFG_WRTD$OFF 000000  
         __CFG_EBTRB$OFF 000000           __CFG_ICPRT$OFF 000000           __CFG_MCLRE$OFF 000000  
        __initialization 7FA6             __end_of_main 7FD6                   ??_main 0000  
          __activetblptr 000000                   _ADRESH 000FC4         __end_of_adc_init 8000  
       __end_of_adc_read 7FB6           __CFG_XINST$OFF 000000           __CFG_STVREN$ON 000000  
             __accesstop 0060  __end_of__initialization 7FA6          __CFG_PBADEN$OFF 000000  
          ___rparam_used 000001           __pcstackCOMRAM 0000                ?_adc_init 0000  
              ?_adc_read 0000          __CFG_VREGEN$OFF 000000                  __Hparam 0000  
                __Lparam 0000                  __pcinit 7FA6                  __ramtop 0800  
             ??_adc_init 0000               ??_adc_read 0000                  __ptext0 7FB6  
                __ptext1 7FAC                  __ptext2 7FD6     end_of_initialization 7FA6  
    start_initialization 7FA6         __CFG_LPT1OSC$OFF 000000        __size_of_adc_init 002A  
      __size_of_adc_read 000A         __CFG_WDTPS$32768 000000               _ADCON0bits 000FC2  
             _ADCON1bits 000FC1               _ADCON2bits 000FC0                 __Hrparam 0000  
               __Lrparam 0000                 _adc_init 7FD6                 _adc_read 7FAC  
  __CFG_FOSC$INTOSCIO_EC 000000            __size_of_main 0020    __CFG_CPUDIV$OSC1_PLL2 000000  
             _OSCCONbits 000FD3  
