

Microchip Technology PIC18 LITE Macro Assembler V1.41 build -162212810 
                                                                                               Fri Sep 10 12:51:02 2021

Microchip Technology Omniscient Code Generator v1.41 (Free mode) build 201701250102
     1                           	processor	18F4550
     2                           	fnconf	rparam,??,?,0
     3                           	opt	pw 120
     4                           	opt	lm
     5                           	psect	cinit,global,reloc=2,class=CODE,delta=1
     6                           	psect	cstackCOMRAM,global,class=COMRAM,space=1,delta=1,noexec
     7                           	psect	text0,global,reloc=2,class=CODE,delta=1
     8                           	psect	intsave_regs,global,class=BIGRAM,space=1,delta=1,noexec
     9                           	psect	rparam,global,class=COMRAM,space=1,delta=1,noexec
    10  0000                     
    11                           ; Version 1.41
    12                           ; Generated 25/01/2017 GMT
    13                           ; 
    14                           ; Copyright © 2017, Microchip Technology Inc. and its subsidiaries ("Microchip")
    15                           ; All rights reserved.
    16                           ; 
    17                           ; This software is developed by Microchip Technology Inc. and its subsidiaries ("Microch
      +                          ip").
    18                           ; 
    19                           ; Redistribution and use in source and binary forms, with or without modification, are
    20                           ; permitted provided that the following conditions are met:
    21                           ; 
    22                           ;     1. Redistributions of source code must retain the above copyright notice, this lis
      +                          t of
    23                           ;        conditions and the following disclaimer.
    24                           ; 
    25                           ;     2. Redistributions in binary form must reproduce the above copyright notice, this 
      +                          list
    26                           ;        of conditions and the following disclaimer in the documentation and/or other
    27                           ;        materials provided with the distribution.
    28                           ; 
    29                           ;     3. Microchip's name may not be used to endorse or promote products derived from th
      +                          is
    30                           ;        software without specific prior written permission.
    31                           ; 
    32                           ; THIS SOFTWARE IS PROVIDED BY MICROCHIP "AS IS" AND ANY EXPRESS OR IMPLIED WARRANTIES,
    33                           ; INCLUDING, BUT NOT LIMITED TO, THE IMPLIED WARRANTIES OF MERCHANTABILITY AND FITNESS F
      +                          OR
    34                           ; PURPOSE ARE DISCLAIMED.  IN NO EVENT SHALL MICROCHIP BE LIABLE FOR ANY DIRECT, INDIREC
      +                          T,
    35                           ; INCIDENTAL, SPECIAL, EXEMPLARY, OR CONSEQUENTIAL DAMAGES (INCLUDING BUT NOT LIMITED TO
    36                           ; PROCUREMENT OF SUBSTITUTE GOODS OR SERVICES; LOSS OF USE, DATA OR PROFITS; OR BUSINESS
    37                           ; INTERRUPTION) HOWSOEVER CAUSED AND ON ANY THEORY OF LIABILITY, WHETHER IN CONTRACT, ST
      +                          RICT
    38                           ; LIABILITY, OR TORT (INCLUDING NEGLIGENCE OR OTHERWISE) ARISING IN ANY WAY OUT OF THE U
      +                          SE OF
    39                           ; THIS SOFTWARE, EVEN IF ADVISED OF THE POSSIBILITY OF SUCH DAMAGE.
    40                           ; 
    41                           ; 
    42                           ; Code-generator required, PIC18F4550 Definitions
    43                           ; 
    44                           ; SFR Addresses
    45  0000                     _PORTBbits	set	3969
    46  0000                     _OSCCON	set	4051
    47  0000                     _LATB0	set	31824
    48  0000                     _TRISB7	set	31903
    49  0000                     _TRISB0	set	31896
    50                           
    51                           ; #config settings
    52  0000                     
    53                           	psect	cinit
    54  007FC8                     __pcinit:
    55                           	opt stack 0
    56  007FC8                     start_initialization:
    57                           	opt stack 0
    58  007FC8                     __initialization:
    59                           	opt stack 0
    60  007FC8                     end_of_initialization:
    61                           	opt stack 0
    62  007FC8                     __end_of__initialization:
    63                           	opt stack 0
    64  007FC8  0100               	movlb	0
    65  007FCA  EFE7  F03F         	goto	_main	;jump to C main() function
    66                           
    67                           	psect	cstackCOMRAM
    68  000001                     __pcstackCOMRAM:
    69                           	opt stack 0
    70  000001                     ??_main:
    71                           
    72                           ; 1 bytes @ 0x0
    73  000001                     	ds	2
    74  000003                     main@btn_val:
    75                           	opt stack 0
    76                           
    77                           ; 1 bytes @ 0x2
    78  000003                     	ds	1
    79                           
    80 ;;
    81 ;;Main: autosize = 0, tempsize = 2, incstack = 0, save=0
    82 ;;
    83 ;; *************** function _main *****************
    84 ;; Defined at:
    85 ;;		line 37 in file "blink.c"
    86 ;; Parameters:    Size  Location     Type
    87 ;;		None
    88 ;; Auto vars:     Size  Location     Type
    89 ;;  btn_val         1    2[COMRAM] unsigned char 
    90 ;; Return value:  Size  Location     Type
    91 ;;                  1    wreg      void 
    92 ;; Registers used:
    93 ;;		wreg, status,2
    94 ;; Tracked objects:
    95 ;;		On entry : 0/0
    96 ;;		On exit  : 0/0
    97 ;;		Unchanged: 0/0
    98 ;; Data sizes:     COMRAM   BANK0   BANK1   BANK2   BANK3   BANK4   BANK5   BANK6   BANK7
    99 ;;      Params:         0       0       0       0       0       0       0       0       0
   100 ;;      Locals:         1       0       0       0       0       0       0       0       0
   101 ;;      Temps:          2       0       0       0       0       0       0       0       0
   102 ;;      Totals:         3       0       0       0       0       0       0       0       0
   103 ;;Total ram usage:        3 bytes
   104 ;; This function calls:
   105 ;;		Nothing
   106 ;; This function is called by:
   107 ;;		Startup code after reset
   108 ;; This function uses a non-reentrant model
   109 ;;
   110                           
   111                           	psect	text0
   112  007FCE                     __ptext0:
   113                           	opt stack 0
   114  007FCE                     _main:
   115                           	opt stack 31
   116                           
   117                           ;blink.c: 38: OSCCON = 0x72;
   118                           
   119                           ;incstack = 0
   120  007FCE  0E72               	movlw	114
   121  007FD0  6ED3               	movwf	4051,c	;volatile
   122                           
   123                           ;blink.c: 39: TRISB0 = 0;
   124  007FD2  9093               	bcf	3987,0,c	;volatile
   125                           
   126                           ;blink.c: 40: TRISB7 = 1;
   127  007FD4  8E93               	bsf	3987,7,c	;volatile
   128  007FD6                     l635:
   129                           
   130                           ;blink.c: 43: unsigned char btn_val = PORTBbits.RB7;
   131  007FD6  0E00               	movlw	0
   132  007FD8  BE81               	btfsc	3969,7,c	;volatile
   133  007FDA  0E01               	movlw	1
   134  007FDC  6E03               	movwf	main@btn_val,c
   135                           
   136                           ;blink.c: 51: LATB0 = btn_val;
   137  007FDE  A003               	btfss	main@btn_val,0,c
   138  007FE0  D002               	goto	u10
   139  007FE2  808A               	bsf	3978,0,c	;volatile
   140  007FE4  D001               	goto	l639
   141  007FE6                     u10:
   142  007FE6  908A               	bcf	3978,0,c	;volatile
   143  007FE8                     l639:
   144                           
   145                           ;blink.c: 52: _delay((unsigned long)((500)*(8000000/4000.0)));
   146  007FE8  0E06               	movlw	6
   147  007FEA  6E02               	movwf	(??_main+1)& (0+255),c
   148  007FEC  0E13               	movlw	19
   149  007FEE  6E01               	movwf	??_main& (0+255),c
   150  007FF0  0EAE               	movlw	174
   151  007FF2                     u67:
   152  007FF2  2EE8               	decfsz	wreg,f,c
   153  007FF4  D7FE               	bra	u67
   154  007FF6  2E01               	decfsz	??_main& (0+255),f,c
   155  007FF8  D7FC               	bra	u67
   156  007FFA  2E02               	decfsz	(??_main+1)& (0+255),f,c
   157  007FFC  D7FA               	bra	u67
   158  007FFE  D7EB               	goto	l635
   159  008000                     __end_of_main:
   160                           	opt stack 0
   161  0000                     wreg	equ	0xFE8
   162                           wreg	equ	0xFE8
   163                           
   164                           	psect	rparam
   165  0000                     wreg	equ	0xFE8


Data Sizes:
    Strings     0
    Constant    0
    Data        0
    BSS         0
    Persistent  0
    Stack       0

Auto Spaces:
    Space          Size  Autos    Used
    COMRAM           95      3       3
    BANK0           160      0       0
    BANK1           256      0       0
    BANK2           256      0       0
    BANK3           256      0       0
    BANK4           256      0       0
    BANK5           256      0       0
    BANK6           256      0       0
    BANK7           256      0       0

Pointer List with Targets:

    None.

Critical Paths under _main in COMRAM

    None.

Critical Paths under _main in BANK0

    None.

Critical Paths under _main in BANK1

    None.

Critical Paths under _main in BANK2

    None.

Critical Paths under _main in BANK3

    None.

Critical Paths under _main in BANK4

    None.

Critical Paths under _main in BANK5

    None.

Critical Paths under _main in BANK6

    None.

Critical Paths under _main in BANK7

    None.

Call Graph Tables:

 ---------------------------------------------------------------------------------
 (Depth) Function   	        Calls       Base Space   Used Autos Params    Refs
 ---------------------------------------------------------------------------------
 (0) _main                                                 3     3      0      15
                                              0 COMRAM     3     3      0
 ---------------------------------------------------------------------------------
 Estimated maximum stack depth 0
 ---------------------------------------------------------------------------------

 Call Graph Graphs:

 _main (ROOT)

 Address spaces:
Name               Size   Autos  Total    Cost      Usage
BITCOMRAM           5F      0       0       0        0.0%
EEDATA             100      0       0       0        0.0%
NULL                 0      0       0       0        0.0%
CODE                 0      0       0       0        0.0%
COMRAM              5F      3       3       1        3.2%
STACK                0      0       0       2        0.0%
DATA                 0      0       0       3        0.0%
BITBANK0            A0      0       0       4        0.0%
BANK0               A0      0       0       5        0.0%
BITBANK1           100      0       0       6        0.0%
BANK1              100      0       0       7        0.0%
BITBANK2           100      0       0       8        0.0%
BANK2              100      0       0       9        0.0%
BITBANK3           100      0       0      10        0.0%
BANK3              100      0       0      11        0.0%
BITBANK4           100      0       0      12        0.0%
BANK4              100      0       0      13        0.0%
BITBANK5           100      0       0      14        0.0%
BANK5              100      0       0      15        0.0%
BITBANK6           100      0       0      16        0.0%
BANK6              100      0       0      17        0.0%
BITBANK7           100      0       0      18        0.0%
BANK7              100      0       0      19        0.0%
ABS                  0      0       0      20        0.0%
BIGRAM             7FF      0       0      21        0.0%
BITSFR               0      0       0     200        0.0%
SFR                  0      0       0     200        0.0%


Microchip Technology PIC18 Macro Assembler V1.41 build -162212810 
Symbol Table                                                                                   Fri Sep 10 12:51:02 2021

                     u10 7FE6                       u67 7FF2              __CFG_BORV$3 000000  
           __CFG_CP0$OFF 000000             __CFG_CP1$OFF 000000             __CFG_CP2$OFF 000000  
           __CFG_CP3$OFF 000000              __CFG_LVP$ON 000000                      l635 7FD6  
                    l639 7FE8             __CFG_CPB$OFF 000000             __CFG_CPD$OFF 000000  
           __CFG_BOR$OFF 000000                      wreg 000FE8             __CFG_WDT$OFF 000000  
            main@btn_val 0003                     _main 7FCE                     start 0000  
          __CFG_IESO$OFF 000000            __CFG_MCLRE$ON 000000             ___param_bank 000000  
          __CFG_PLLDIV$1 000000                    ?_main 0001                    _LATB0 007C50  
          __CFG_USBDIV$1 000000            __CFG_PWRT$OFF 000000            __CFG_WRT0$OFF 000000  
          __CFG_WRT1$OFF 000000            __CFG_WRT2$OFF 000000            __CFG_WRT3$OFF 000000  
         __CFG_EBTR0$OFF 000000           __CFG_FCMEN$OFF 000000           __CFG_EBTR1$OFF 000000  
         __CFG_EBTR2$OFF 000000           __CFG_EBTR3$OFF 000000            __CFG_WRTB$OFF 000000  
          __CFG_WRTC$OFF 000000            __CFG_WRTD$OFF 000000           __CFG_EBTRB$OFF 000000  
         __CFG_ICPRT$OFF 000000          __initialization 7FC8             __end_of_main 8000  
                 ??_main 0001            __activetblptr 000000          __CFG_CCP2MX$OFF 000000  
                 _OSCCON 000FD3                   _TRISB0 007C98                   _TRISB7 007C9F  
         __CFG_XINST$OFF 000000           __CFG_STVREN$ON 000000               __accesstop 0060  
__end_of__initialization 7FC8          __CFG_PBADEN$OFF 000000            ___rparam_used 000001  
         __pcstackCOMRAM 0001          __CFG_VREGEN$OFF 000000                  __Hparam 0000  
                __Lparam 0000                  __pcinit 7FC8                  __ramtop 0800  
                __ptext0 7FCE     end_of_initialization 7FC8                _PORTBbits 000F81  
    start_initialization 7FC8         __CFG_LPT1OSC$OFF 000000         __CFG_WDTPS$32768 000000  
               __Hrparam 0000                 __Lrparam 0000    __CFG_FOSC$INTOSCIO_EC 000000  
          __size_of_main 0032    __CFG_CPUDIV$OSC1_PLL2 000000  
